The system is: Windows - 10.0.19042 - AMD64
Compiling the C compiler identification source file "CMakeCCompilerId.c" succeeded.
Compiler: E:/Visual Studio/VC/Tools/MSVC/14.29.30133/bin/Hostx86/x86/cl.exe 
Build flags: 
Id flags:  

The output was:
0
用于 x86 的 Microsoft (R) C/C++ 优化编译器 19.29.30140 版
版权所有(C) Microsoft Corporation。保留所有权利。

CMakeCCompilerId.c
Microsoft (R) Incremental Linker Version 14.29.30140.0
Copyright (C) Microsoft Corporation.  All rights reserved.

/out:CMakeCCompilerId.exe 
CMakeCCompilerId.obj 


Compilation of the C compiler identification source "CMakeCCompilerId.c" produced "CMakeCCompilerId.exe"

Compilation of the C compiler identification source "CMakeCCompilerId.c" produced "CMakeCCompilerId.obj"

The C compiler identification is MSVC, found in "E:/Learn/TCPIP/WinTCPIPCode/chat_serv_win/cmake-build-debug/CMakeFiles/3.21.1/CompilerIdC/CMakeCCompilerId.exe"

Detecting C compiler ABI info compiled with the following output:
Change Dir: E:/Learn/TCPIP/WinTCPIPCode/chat_serv_win/cmake-build-debug/CMakeFiles/CMakeTmp

Run Build Command(s):E:/Program Files/JetBrains/CLion 2021.3.2/bin/ninja/win/ninja.exe cmTC_006f6 && [1/2] Building C object CMakeFiles\cmTC_006f6.dir\CMakeCCompilerABI.c.obj
[2/2] Linking C executable cmTC_006f6.exe



